<?xml version="1.0"?>
<testsuite name="Firefox 73.0.0 (Mac OS X 10.13.0)" package="" timestamp="2020-03-26T09:14:59" id="0" hostname="MREMF663DADC" tests="5" errors="0" failures="0" time="0.003">
  <properties>
    <property name="browser.fullName" value="Mozilla/5.0 (Macintosh; Intel Mac OS X 10.13; rv:73.0) Gecko/20100101 Firefox/73.0"/>
  </properties>
  <testcase name="javaScript should pass" time="0.002" classname="javaScript"/>
  <testcase name="typescript should pass" time="0" classname="typescript"/>
  <testcase name="typescript should pass" time="0" classname="typescript"/>
  <testcase name="chai should pass" time="0" classname="chai"/>
  <testcase name="sinon should catch a event when fired" time="0.001" classname="sinon"/>
  <system-out>
    <![CDATA[
]]>
  </system-out>
  <system-err/>
</testsuite>