<?xml version="1.0"?>
<testsuite name="HeadlessChrome 80.0.3987 (Mac OS X 10.13.6)" package="" timestamp="2020-03-26T09:55:30" id="0" hostname="MREMF663DADC" tests="5" errors="0" failures="0" time="0.002">
  <properties>
    <property name="browser.fullName" value="Mozilla/5.0 (Macintosh; Intel Mac OS X 10_13_6) AppleWebKit/537.36 (KHTML, like Gecko) HeadlessChrome/80.0.3987.149 Safari/537.36"/>
  </properties>
  <testcase name="javaScript should pass" time="0.001" classname="HeadlessChrome_80_0_3987_(Mac_OS_X_10_13_6).javaScript"/>
  <testcase name="typescript should pass" time="0" classname="HeadlessChrome_80_0_3987_(Mac_OS_X_10_13_6).typescript"/>
  <testcase name="typescript should pass" time="0" classname="HeadlessChrome_80_0_3987_(Mac_OS_X_10_13_6).typescript"/>
  <testcase name="chai should pass" time="0" classname="HeadlessChrome_80_0_3987_(Mac_OS_X_10_13_6).chai"/>
  <testcase name="sinon should catch a event when fired" time="0.001" classname="HeadlessChrome_80_0_3987_(Mac_OS_X_10_13_6).sinon"/>
  <system-out>
    <![CDATA[
]]>
  </system-out>
  <system-err/>
</testsuite>